<?xml version="1.0" encoding="UTF-8"?>
<testng-results ignored="0" total="3" passed="3" failed="0" skipped="0">
  <reporter-output>
  </reporter-output>
  <suite started-at="2024-12-23T11:23:17 IST" name="Default suite" finished-at="2024-12-23T11:23:20 IST" duration-ms="3489">
    <groups>
    </groups>
    <test started-at="2024-12-23T11:23:17 IST" name="Default test" finished-at="2024-12-23T11:23:20 IST" duration-ms="3489">
      <class name="DynamicJson">
        <test-method signature="addBook(java.lang.String,java.lang.String)[pri:0, instance:DynamicJson@42a48628]" started-at="2024-12-23T11:23:17 IST" name="addBook" data-provider="BooksData" finished-at="2024-12-23T11:23:20 IST" duration-ms="2917" status="PASS">
          <params>
            <param index="0">
              <value>
                <![CDATA[dfdss]]>
              </value>
            </param>
            <param index="1">
              <value>
                <![CDATA[78797]]>
              </value>
            </param>
          </params>
          <reporter-output>
          </reporter-output>
        </test-method> <!-- addBook -->
        <test-method signature="addBook(java.lang.String,java.lang.String)[pri:0, instance:DynamicJson@42a48628]" started-at="2024-12-23T11:23:20 IST" name="addBook" data-provider="BooksData" finished-at="2024-12-23T11:23:20 IST" duration-ms="260" status="PASS">
          <params>
            <param index="0">
              <value>
                <![CDATA[ghgfd]]>
              </value>
            </param>
            <param index="1">
              <value>
                <![CDATA[78763]]>
              </value>
            </param>
          </params>
          <reporter-output>
          </reporter-output>
        </test-method> <!-- addBook -->
        <test-method signature="addBook(java.lang.String,java.lang.String)[pri:0, instance:DynamicJson@42a48628]" started-at="2024-12-23T11:23:20 IST" name="addBook" data-provider="BooksData" finished-at="2024-12-23T11:23:20 IST" duration-ms="241" status="PASS">
          <params>
            <param index="0">
              <value>
                <![CDATA[gdjfd]]>
              </value>
            </param>
            <param index="1">
              <value>
                <![CDATA[68695]]>
              </value>
            </param>
          </params>
          <reporter-output>
          </reporter-output>
        </test-method> <!-- addBook -->
      </class> <!-- DynamicJson -->
    </test> <!-- Default test -->
  </suite> <!-- Default suite -->
</testng-results>
